<?xml version="1.0" encoding="UTF-8"?>
<!-- Generated by org.testng.reporters.JUnitReportReporter -->
<testsuite hostname="dell" failures="0" tests="1" name="com.rameshsoft.maven.TestTwo" time="73.259" errors="0" timestamp="1 Apr 2021 02:58:10 GMT">
  <testcase classname="com.rameshsoft.maven.TestTwo" name="demo2" time="73.259"/>
</testsuite> <!-- com.rameshsoft.maven.TestTwo -->
