<?xml version="1.0" encoding="UTF-8"?>
<!-- Generated by org.testng.reporters.JUnitReportReporter -->
<testsuite hostname="dell" failures="0" tests="1" name="com.rameshsoft.maven.TestOne" time="37.541" errors="0" timestamp="1 Apr 2021 02:58:10 GMT">
  <testcase classname="com.rameshsoft.maven.TestOne" name="demo" time="37.541"/>
</testsuite> <!-- com.rameshsoft.maven.TestOne -->
