<?xml version="1.0" encoding="UTF-8"?>
<!-- Generated by org.testng.reporters.JUnitReportReporter -->
<testsuite hostname="dell" failures="0" tests="1" name="com.rameshsoft.maven.TestOne" time="8.837" errors="0" timestamp="31 Mar 2021 11:25:49 GMT">
  <testcase classname="com.rameshsoft.maven.TestOne" name="demo" time="8.837"/>
</testsuite> <!-- com.rameshsoft.maven.TestOne -->
